<?xml version="1.0" encoding="UTF-8"?>
<!-- Generated by org.testng.reporters.JUnitReportReporter -->
<testsuite hostname="IBM-455SMM3" failures="0" tests="1" name="tests.NoPOMtest" time="12.141" errors="0" timestamp="2023-07-26T09:00:50 IST" skipped="0">
  <testcase classname="tests.NoPOMtest" name="test_Home_Page_Appear_Correct" time="12.141"/>
</testsuite> <!-- tests.NoPOMtest -->
